2026-06-18 12:01:07 Alex joined id=1001
2026-06-18 12:02:14 Sprunki crafted id=1002
2026-06-18 12:03:21 Wednesday crafted id=1003
2026-06-18 12:04:28 Alex changed skin id=1004
2026-06-18 12:05:35 Alex found coin id=1005
2026-06-18 12:06:42 Noob joined id=1006
2026-06-18 12:07:49 Steve joined id=1007
2026-06-18 12:08:56 Wednesday crafted id=1008
2026-06-18 12:09:03 Steve found coin id=1009
2026-06-18 12:10:10 Wednesday changed skin id=1010
2026-06-18 12:11:17 Noob crafted id=1011
2026-06-18 12:12:24 Builder found coin id=1012
2026-06-18 12:13:31 Sprunki joined id=1013
2026-06-18 12:14:38 Miles changed skin id=1014
2026-06-18 12:15:45 Noob opened chest id=1015
2026-06-18 12:16:52 Sprunki crafted id=1016
2026-06-18 12:17:59 Wednesday opened chest id=1017
2026-06-18 12:18:06 Alex joined id=1018
2026-06-18 12:19:13 Noob joined id=1019
2026-06-18 12:20:20 Shelly opened chest id=1020
2026-06-18 12:21:27 Sprunki joined id=1021
2026-06-18 12:22:34 Builder found coin id=1022
2026-06-18 12:23:41 Alex lost connection id=1023
2026-06-18 12:24:48 Alex found coin id=1024
2026-06-18 12:25:55 Sprunki changed skin id=1025
2026-06-18 12:26:02 Shelly found coin id=1026
2026-06-18 12:27:09 Wednesday changed skin id=1027
2026-06-18 12:28:16 Alex joined id=1028
2026-06-18 12:29:23 Wednesday opened chest id=1029
2026-06-18 12:30:30 Alex crafted id=1030
2026-06-18 12:31:37 Alex lost connection id=1031
2026-06-18 12:32:44 Sprunki lost connection id=1032
2026-06-18 12:33:51 Shelly crafted id=1033
2026-06-18 12:34:58 Shelly opened chest id=1034
2026-06-18 12:35:05 Wednesday changed skin id=1035
2026-06-18 12:36:12 Sprunki changed skin id=1036
2026-06-18 12:37:19 Alex found coin id=1037
2026-06-18 12:38:26 Miles found coin id=1038
2026-06-18 12:39:33 Wednesday crafted id=1039
2026-06-18 12:40:40 Builder lost connection id=1040
2026-06-18 12:41:47 Sprunki changed skin id=1041
2026-06-18 12:42:54 Wednesday changed skin id=1042
2026-06-18 12:43:01 Shelly joined id=1043
2026-06-18 12:44:08 Wednesday joined id=1044
2026-06-18 12:45:15 Shelly lost connection id=1045
2026-06-18 12:46:22 Sprunki joined id=1046
2026-06-18 12:47:29 Wednesday found coin id=1047
2026-06-18 12:48:36 Shelly crafted id=1048
2026-06-18 12:49:43 Builder lost connection id=1049
2026-06-18 12:50:50 Builder crafted id=1050
2026-06-18 12:51:57 Sprunki crafted id=1051
2026-06-18 12:52:04 Wednesday changed skin id=1052
2026-06-18 12:53:11 Sprunki changed skin id=1053
2026-06-18 12:54:18 Noob found coin id=1054
2026-06-18 12:55:25 Noob opened chest id=1055
2026-06-18 12:56:32 Wednesday crafted id=1056
2026-06-18 12:57:39 Builder joined id=1057
2026-06-18 12:58:46 Steve joined id=1058
2026-06-18 12:59:53 Miles changed skin id=1059
2026-06-18 12:00:00 Miles changed skin id=1060
2026-06-18 12:01:07 Noob found coin id=1061
2026-06-18 12:02:14 Alex lost connection id=1062
2026-06-18 12:03:21 Noob found coin id=1063
2026-06-18 12:04:28 Builder found coin id=1064
2026-06-18 12:05:35 Sprunki found coin id=1065
2026-06-18 12:06:42 Steve changed skin id=1066
2026-06-18 12:07:49 Alex changed skin id=1067
2026-06-18 12:08:56 Sprunki changed skin id=1068
2026-06-18 12:09:03 Shelly joined id=1069
2026-06-18 12:10:10 Sprunki lost connection id=1070
2026-06-18 12:11:17 Miles lost connection id=1071
2026-06-18 12:12:24 Steve changed skin id=1072
2026-06-18 12:13:31 Sprunki found coin id=1073
2026-06-18 12:14:38 Miles found coin id=1074
2026-06-18 12:15:45 Alex changed skin id=1075
2026-06-18 12:16:52 Sprunki changed skin id=1076
2026-06-18 12:17:59 Wednesday crafted id=1077
2026-06-18 12:18:06 Shelly crafted id=1078
2026-06-18 12:19:13 Steve found coin id=1079
2026-06-18 12:20:20 Shelly lost connection id=1080
2026-06-18 12:21:27 Steve joined id=1081
2026-06-18 12:22:34 Shelly opened chest id=1082
2026-06-18 12:23:41 Wednesday joined id=1083
2026-06-18 12:24:48 Wednesday found coin id=1084
2026-06-18 12:25:55 Alex joined id=1085
2026-06-18 12:26:02 Builder joined id=1086
2026-06-18 12:27:09 Miles crafted id=1087
2026-06-18 12:28:16 Builder found coin id=1088
2026-06-18 12:29:23 Miles opened chest id=1089
2026-06-18 12:30:30 Noob crafted id=1090
2026-06-18 12:31:37 Wednesday changed skin id=1091
2026-06-18 12:32:44 Sprunki lost connection id=1092
2026-06-18 12:33:51 Shelly lost connection id=1093
2026-06-18 12:34:58 Builder joined id=1094
2026-06-18 12:35:05 Wednesday crafted id=1095
2026-06-18 12:36:12 Alex opened chest id=1096
2026-06-18 12:37:19 Steve found coin id=1097
2026-06-18 12:38:26 Wednesday found coin id=1098
2026-06-18 12:39:33 Wednesday joined id=1099
2026-06-18 12:40:40 Alex changed skin id=1100
2026-06-18 12:41:47 Steve crafted id=1101
2026-06-18 12:42:54 Alex joined id=1102
2026-06-18 12:43:01 Shelly joined id=1103
2026-06-18 12:44:08 Wednesday opened chest id=1104
2026-06-18 12:45:15 Builder crafted id=1105
2026-06-18 12:46:22 Miles changed skin id=1106
2026-06-18 12:47:29 Builder crafted id=1107
2026-06-18 12:48:36 Builder lost connection id=1108
2026-06-18 12:49:43 Wednesday joined id=1109
2026-06-18 12:50:50 Alex changed skin id=1110
2026-06-18 12:51:57 Noob opened chest id=1111
2026-06-18 12:52:04 Noob lost connection id=1112
2026-06-18 12:53:11 Builder changed skin id=1113
2026-06-18 12:54:18 Steve changed skin id=1114
2026-06-18 12:55:25 Alex joined id=1115
2026-06-18 12:56:32 Noob changed skin id=1116
2026-06-18 12:57:39 Shelly joined id=1117
2026-06-18 12:58:46 Wednesday crafted id=1118
2026-06-18 12:59:53 Wednesday found coin id=1119
2026-06-18 12:00:00 Builder crafted id=1120
2026-06-18 12:01:07 Noob crafted id=1121
2026-06-18 12:02:14 Sprunki lost connection id=1122
2026-06-18 12:03:21 Wednesday joined id=1123
2026-06-18 12:04:28 Builder found coin id=1124
2026-06-18 12:05:35 Alex joined id=1125
2026-06-18 12:06:42 Steve joined id=1126
2026-06-18 12:07:49 Wednesday crafted id=1127
2026-06-18 12:08:56 Noob lost connection id=1128
2026-06-18 12:09:03 Builder crafted id=1129
2026-06-18 12:10:10 Noob joined id=1130
2026-06-18 12:11:17 Miles lost connection id=1131
2026-06-18 12:12:24 Steve lost connection id=1132
2026-06-18 12:13:31 Sprunki lost connection id=1133
2026-06-18 12:14:38 Sprunki lost connection id=1134
2026-06-18 12:15:45 Builder crafted id=1135
2026-06-18 12:16:52 Wednesday opened chest id=1136
2026-06-18 12:17:59 Wednesday joined id=1137
2026-06-18 12:18:06 Steve changed skin id=1138
2026-06-18 12:19:13 Shelly joined id=1139
2026-06-18 12:20:20 Steve found coin id=1140
2026-06-18 12:21:27 Builder found coin id=1141
2026-06-18 12:22:34 Miles joined id=1142
2026-06-18 12:23:41 Alex crafted id=1143
2026-06-18 12:24:48 Alex found coin id=1144
2026-06-18 12:25:55 Alex changed skin id=1145
2026-06-18 12:26:02 Wednesday lost connection id=1146
2026-06-18 12:27:09 Alex found coin id=1147
2026-06-18 12:28:16 Wednesday found coin id=1148
2026-06-18 12:29:23 Steve found coin id=1149
2026-06-18 12:30:30 Alex lost connection id=1150
2026-06-18 12:31:37 Shelly opened chest id=1151
2026-06-18 12:32:44 Wednesday changed skin id=1152
2026-06-18 12:33:51 Shelly crafted id=1153
2026-06-18 12:34:58 Sprunki lost connection id=1154
2026-06-18 12:35:05 Miles changed skin id=1155
2026-06-18 12:36:12 Sprunki lost connection id=1156
2026-06-18 12:37:19 Shelly joined id=1157
2026-06-18 12:38:26 Steve lost connection id=1158
2026-06-18 12:39:33 Alex joined id=1159
2026-06-18 12:40:40 Wednesday found coin id=1160
2026-06-18 12:41:47 Sprunki crafted id=1161
2026-06-18 12:42:54 Shelly joined id=1162
2026-06-18 12:43:01 Wednesday opened chest id=1163
2026-06-18 12:44:08 Sprunki crafted id=1164
2026-06-18 12:45:15 Builder found coin id=1165
2026-06-18 12:46:22 Sprunki found coin id=1166
2026-06-18 12:47:29 Steve changed skin id=1167
2026-06-18 12:48:36 Sprunki changed skin id=1168
2026-06-18 12:49:43 Alex crafted id=1169
2026-06-18 12:50:50 Sprunki joined id=1170
2026-06-18 12:51:57 Alex changed skin id=1171
2026-06-18 12:52:04 Miles opened chest id=1172
2026-06-18 12:53:11 Sprunki found coin id=1173
2026-06-18 12:54:18 Wednesday changed skin id=1174
2026-06-18 12:55:25 Shelly crafted id=1175
2026-06-18 12:56:32 Sprunki found coin id=1176
2026-06-18 12:57:39 Builder opened chest id=1177
2026-06-18 12:58:46 Steve joined id=1178
2026-06-18 12:59:53 Noob opened chest id=1179
2026-06-18 12:00:00 Steve joined id=1180
2026-06-18 12:01:07 Shelly crafted id=1181
2026-06-18 12:02:14 Sprunki crafted id=1182
2026-06-18 12:03:21 Builder found coin id=1183
2026-06-18 12:04:28 Noob found coin id=1184
2026-06-18 12:05:35 Steve joined id=1185
2026-06-18 12:06:42 Alex changed skin id=1186
2026-06-18 12:07:49 Miles found coin id=1187
2026-06-18 12:08:56 Steve opened chest id=1188
2026-06-18 12:09:03 Miles lost connection id=1189
2026-06-18 12:10:10 Miles joined id=1190
2026-06-18 12:11:17 Sprunki opened chest id=1191
2026-06-18 12:12:24 Steve opened chest id=1192
2026-06-18 12:13:31 Wednesday changed skin id=1193
2026-06-18 12:14:38 Wednesday changed skin id=1194
2026-06-18 12:15:45 Alex opened chest id=1195
2026-06-18 12:16:52 Noob found coin id=1196
2026-06-18 12:17:59 Miles crafted id=1197
2026-06-18 12:18:06 Miles crafted id=1198
2026-06-18 12:19:13 Noob joined id=1199
2026-06-18 12:20:20 Miles changed skin id=1200
2026-06-18 12:21:27 Shelly lost connection id=1201
2026-06-18 12:22:34 Wednesday opened chest id=1202
2026-06-18 12:23:41 Miles changed skin id=1203
2026-06-18 12:24:48 Alex lost connection id=1204
2026-06-18 12:25:55 Steve lost connection id=1205
2026-06-18 12:26:02 Wednesday crafted id=1206
2026-06-18 12:27:09 Builder opened chest id=1207
2026-06-18 12:28:16 Sprunki crafted id=1208
2026-06-18 12:29:23 Wednesday joined id=1209
2026-06-18 12:30:30 Wednesday lost connection id=1210
2026-06-18 12:31:37 Shelly opened chest id=1211
2026-06-18 12:32:44 Alex opened chest id=1212
2026-06-18 12:33:51 Shelly changed skin id=1213
2026-06-18 12:34:58 Noob changed skin id=1214
2026-06-18 12:35:05 Shelly joined id=1215
2026-06-18 12:36:12 Alex opened chest id=1216
2026-06-18 12:37:19 Miles found coin id=1217
2026-06-18 12:38:26 Sprunki joined id=1218
2026-06-18 12:39:33 Alex found coin id=1219
2026-06-18 12:40:40 Noob opened chest id=1220
2026-06-18 12:41:47 Shelly lost connection id=1221
2026-06-18 12:42:54 Alex lost connection id=1222
2026-06-18 12:43:01 Wednesday opened chest id=1223
2026-06-18 12:44:08 Steve changed skin id=1224
2026-06-18 12:45:15 Noob joined id=1225
2026-06-18 12:46:22 Wednesday opened chest id=1226
2026-06-18 12:47:29 Noob joined id=1227
2026-06-18 12:48:36 Shelly found coin id=1228
2026-06-18 12:49:43 Shelly changed skin id=1229
2026-06-18 12:50:50 Alex changed skin id=1230
2026-06-18 12:51:57 Sprunki found coin id=1231
2026-06-18 12:52:04 Sprunki changed skin id=1232
2026-06-18 12:53:11 Noob opened chest id=1233
2026-06-18 12:54:18 Noob changed skin id=1234
2026-06-18 12:55:25 Sprunki found coin id=1235
2026-06-18 12:56:32 Miles crafted id=1236
2026-06-18 12:57:39 Noob changed skin id=1237
2026-06-18 12:58:46 Noob changed skin id=1238
2026-06-18 12:59:53 Miles found coin id=1239
2026-06-18 12:00:00 Sprunki lost connection id=1240
2026-06-18 12:01:07 Steve opened chest id=1241
2026-06-18 12:02:14 Sprunki crafted id=1242
2026-06-18 12:03:21 Noob found coin id=1243
2026-06-18 12:04:28 Shelly lost connection id=1244
2026-06-18 12:05:35 Builder lost connection id=1245
2026-06-18 12:06:42 Wednesday found coin id=1246
2026-06-18 12:07:49 Builder changed skin id=1247
2026-06-18 12:08:56 Miles changed skin id=1248
2026-06-18 12:09:03 Alex opened chest id=1249
2026-06-18 12:10:10 Shelly joined id=1250
2026-06-18 12:11:17 Wednesday changed skin id=1251
2026-06-18 12:12:24 Sprunki crafted id=1252
2026-06-18 12:13:31 Wednesday crafted id=1253
2026-06-18 12:14:38 Steve joined id=1254
2026-06-18 12:15:45 Wednesday lost connection id=1255
2026-06-18 12:16:52 Alex lost connection id=1256
2026-06-18 12:17:59 Noob changed skin id=1257
2026-06-18 12:18:06 Wednesday changed skin id=1258
2026-06-18 12:19:13 Noob lost connection id=1259
2026-06-18 12:20:20 Noob crafted id=1260
2026-06-18 12:21:27 Miles changed skin id=1261
2026-06-18 12:22:34 Steve joined id=1262
2026-06-18 12:23:41 Noob crafted id=1263
2026-06-18 12:24:48 Miles changed skin id=1264
2026-06-18 12:25:55 Builder joined id=1265
2026-06-18 12:26:02 Wednesday joined id=1266
2026-06-18 12:27:09 Builder crafted id=1267
2026-06-18 12:28:16 Builder changed skin id=1268
2026-06-18 12:29:23 Shelly lost connection id=1269
2026-06-18 12:30:30 Noob found coin id=1270
2026-06-18 12:31:37 Builder crafted id=1271
2026-06-18 12:32:44 Builder lost connection id=1272
2026-06-18 12:33:51 Sprunki crafted id=1273
2026-06-18 12:34:58 Sprunki found coin id=1274
2026-06-18 12:35:05 Builder changed skin id=1275
2026-06-18 12:36:12 Wednesday opened chest id=1276
2026-06-18 12:37:19 Builder joined id=1277
2026-06-18 12:38:26 Sprunki crafted id=1278
2026-06-18 12:39:33 Sprunki opened chest id=1279
2026-06-18 12:40:40 Shelly found coin id=1280
2026-06-18 12:41:47 Alex crafted id=1281
2026-06-18 12:42:54 Miles crafted id=1282
2026-06-18 12:43:01 Noob changed skin id=1283
2026-06-18 12:44:08 Miles changed skin id=1284
2026-06-18 12:45:15 Wednesday joined id=1285
2026-06-18 12:46:22 Noob lost connection id=1286
2026-06-18 12:47:29 Shelly found coin id=1287
2026-06-18 12:48:36 Builder lost connection id=1288
2026-06-18 12:49:43 Steve crafted id=1289
2026-06-18 12:50:50 Noob lost connection id=1290
2026-06-18 12:51:57 Steve found coin id=1291
2026-06-18 12:52:04 Noob lost connection id=1292
2026-06-18 12:53:11 Steve opened chest id=1293
2026-06-18 12:54:18 Sprunki lost connection id=1294
2026-06-18 12:55:25 Noob found coin id=1295
2026-06-18 12:56:32 Wednesday lost connection id=1296
2026-06-18 12:57:39 Wednesday opened chest id=1297
2026-06-18 12:58:46 Noob lost connection id=1298
2026-06-18 12:59:53 Steve lost connection id=1299
2026-06-18 12:00:00 Shelly changed skin id=1300
2026-06-18 12:01:07 Noob changed skin id=1301
2026-06-18 12:02:14 Miles lost connection id=1302
2026-06-18 12:03:21 Miles found coin id=1303
2026-06-18 12:04:28 Steve lost connection id=1304
2026-06-18 12:05:35 Steve joined id=1305
2026-06-18 12:06:42 Noob crafted id=1306
2026-06-18 12:07:49 Builder crafted id=1307
2026-06-18 12:08:56 Steve opened chest id=1308
2026-06-18 12:09:03 Noob opened chest id=1309
2026-06-18 12:10:10 Wednesday lost connection id=1310
2026-06-18 12:11:17 Shelly opened chest id=1311
2026-06-18 12:12:24 Noob opened chest id=1312
2026-06-18 12:13:31 Noob opened chest id=1313
2026-06-18 12:14:38 Alex lost connection id=1314
2026-06-18 12:15:45 Steve changed skin id=1315
2026-06-18 12:16:52 Steve opened chest id=1316
2026-06-18 12:17:59 Wednesday changed skin id=1317
2026-06-18 12:18:06 Alex changed skin id=1318
2026-06-18 12:19:13 Steve joined id=1319
2026-06-18 12:20:20 Wednesday crafted id=1320
2026-06-18 12:21:27 Steve found coin id=1321
2026-06-18 12:22:34 Miles crafted id=1322
2026-06-18 12:23:41 Miles lost connection id=1323
2026-06-18 12:24:48 Alex found coin id=1324
2026-06-18 12:25:55 Wednesday lost connection id=1325
2026-06-18 12:26:02 Sprunki opened chest id=1326
2026-06-18 12:27:09 Miles found coin id=1327
2026-06-18 12:28:16 Alex crafted id=1328
2026-06-18 12:29:23 Sprunki joined id=1329
2026-06-18 12:30:30 Steve opened chest id=1330
2026-06-18 12:31:37 Noob lost connection id=1331
2026-06-18 12:32:44 Wednesday joined id=1332
2026-06-18 12:33:51 Wednesday joined id=1333
2026-06-18 12:34:58 Sprunki changed skin id=1334
2026-06-18 12:35:05 Alex found coin id=1335
2026-06-18 12:36:12 Steve opened chest id=1336
2026-06-18 12:37:19 Noob changed skin id=1337
2026-06-18 12:42:13 player got flag CTF{LOG_HUNTER}
2026-06-18 12:38:26 Shelly joined id=1338
2026-06-18 12:39:33 Shelly joined id=1339
2026-06-18 12:40:40 Noob lost connection id=1340
2026-06-18 12:41:47 Alex lost connection id=1341
2026-06-18 12:42:54 Shelly changed skin id=1342
2026-06-18 12:43:01 Builder changed skin id=1343
2026-06-18 12:44:08 Miles lost connection id=1344
2026-06-18 12:45:15 Miles changed skin id=1345
2026-06-18 12:46:22 Sprunki found coin id=1346
2026-06-18 12:47:29 Builder lost connection id=1347
2026-06-18 12:48:36 Noob changed skin id=1348
2026-06-18 12:49:43 Sprunki opened chest id=1349
2026-06-18 12:50:50 Wednesday joined id=1350
2026-06-18 12:51:57 Sprunki lost connection id=1351
2026-06-18 12:52:04 Wednesday lost connection id=1352
2026-06-18 12:53:11 Noob opened chest id=1353
2026-06-18 12:54:18 Steve lost connection id=1354
2026-06-18 12:55:25 Shelly crafted id=1355
2026-06-18 12:56:32 Builder crafted id=1356
2026-06-18 12:57:39 Shelly opened chest id=1357
2026-06-18 12:58:46 Shelly opened chest id=1358
2026-06-18 12:59:53 Sprunki found coin id=1359
2026-06-18 12:00:00 Steve found coin id=1360
2026-06-18 12:01:07 Wednesday joined id=1361
2026-06-18 12:02:14 Wednesday changed skin id=1362
2026-06-18 12:03:21 Noob lost connection id=1363
2026-06-18 12:04:28 Wednesday changed skin id=1364
2026-06-18 12:05:35 Builder changed skin id=1365
2026-06-18 12:06:42 Builder lost connection id=1366
2026-06-18 12:07:49 Steve joined id=1367
2026-06-18 12:08:56 Sprunki crafted id=1368
2026-06-18 12:09:03 Noob changed skin id=1369
2026-06-18 12:10:10 Wednesday opened chest id=1370
2026-06-18 12:11:17 Shelly lost connection id=1371
2026-06-18 12:12:24 Shelly lost connection id=1372
2026-06-18 12:13:31 Shelly opened chest id=1373
2026-06-18 12:14:38 Builder opened chest id=1374
2026-06-18 12:15:45 Sprunki opened chest id=1375
2026-06-18 12:16:52 Wednesday joined id=1376
2026-06-18 12:17:59 Wednesday opened chest id=1377
2026-06-18 12:18:06 Alex changed skin id=1378
2026-06-18 12:19:13 Miles crafted id=1379
2026-06-18 12:20:20 Wednesday changed skin id=1380
2026-06-18 12:21:27 Builder opened chest id=1381
2026-06-18 12:22:34 Sprunki joined id=1382
2026-06-18 12:23:41 Wednesday opened chest id=1383
2026-06-18 12:24:48 Wednesday opened chest id=1384
2026-06-18 12:25:55 Miles opened chest id=1385
2026-06-18 12:26:02 Steve changed skin id=1386
2026-06-18 12:27:09 Miles opened chest id=1387
2026-06-18 12:28:16 Steve joined id=1388
2026-06-18 12:29:23 Sprunki changed skin id=1389
2026-06-18 12:30:30 Miles changed skin id=1390
2026-06-18 12:31:37 Builder joined id=1391
2026-06-18 12:32:44 Steve found coin id=1392
2026-06-18 12:33:51 Sprunki lost connection id=1393
2026-06-18 12:34:58 Builder lost connection id=1394
2026-06-18 12:35:05 Shelly crafted id=1395
2026-06-18 12:36:12 Steve opened chest id=1396
2026-06-18 12:37:19 Builder joined id=1397
2026-06-18 12:38:26 Alex lost connection id=1398
2026-06-18 12:39:33 Builder joined id=1399
2026-06-18 12:40:40 Steve crafted id=1400
2026-06-18 12:41:47 Miles found coin id=1401
2026-06-18 12:42:54 Sprunki joined id=1402
2026-06-18 12:43:01 Wednesday joined id=1403
2026-06-18 12:44:08 Noob found coin id=1404
2026-06-18 12:45:15 Wednesday found coin id=1405
2026-06-18 12:46:22 Noob lost connection id=1406
2026-06-18 12:47:29 Builder opened chest id=1407
2026-06-18 12:48:36 Noob opened chest id=1408
2026-06-18 12:49:43 Steve found coin id=1409
2026-06-18 12:50:50 Alex crafted id=1410
2026-06-18 12:51:57 Wednesday opened chest id=1411
2026-06-18 12:52:04 Alex crafted id=1412
2026-06-18 12:53:11 Wednesday crafted id=1413
2026-06-18 12:54:18 Alex crafted id=1414
2026-06-18 12:55:25 Steve lost connection id=1415
2026-06-18 12:56:32 Builder changed skin id=1416
2026-06-18 12:57:39 Builder opened chest id=1417
2026-06-18 12:58:46 Steve crafted id=1418
2026-06-18 12:59:53 Sprunki changed skin id=1419
2026-06-18 12:00:00 Sprunki changed skin id=1420
2026-06-18 12:01:07 Builder joined id=1421
2026-06-18 12:02:14 Wednesday opened chest id=1422
2026-06-18 12:03:21 Wednesday lost connection id=1423
2026-06-18 12:04:28 Alex found coin id=1424
2026-06-18 12:05:35 Wednesday changed skin id=1425
2026-06-18 12:06:42 Miles opened chest id=1426
2026-06-18 12:07:49 Miles joined id=1427
2026-06-18 12:08:56 Steve crafted id=1428
2026-06-18 12:09:03 Sprunki found coin id=1429
2026-06-18 12:10:10 Sprunki lost connection id=1430
2026-06-18 12:11:17 Alex lost connection id=1431
2026-06-18 12:12:24 Sprunki changed skin id=1432
2026-06-18 12:13:31 Noob opened chest id=1433
2026-06-18 12:14:38 Builder lost connection id=1434
2026-06-18 12:15:45 Alex found coin id=1435
2026-06-18 12:16:52 Steve lost connection id=1436
2026-06-18 12:17:59 Shelly found coin id=1437
2026-06-18 12:18:06 Sprunki joined id=1438
2026-06-18 12:19:13 Alex crafted id=1439
2026-06-18 12:20:20 Steve changed skin id=1440
2026-06-18 12:21:27 Sprunki found coin id=1441
2026-06-18 12:22:34 Steve crafted id=1442
2026-06-18 12:23:41 Builder found coin id=1443
2026-06-18 12:24:48 Builder opened chest id=1444
2026-06-18 12:25:55 Miles found coin id=1445
2026-06-18 12:26:02 Noob changed skin id=1446
2026-06-18 12:27:09 Builder joined id=1447
2026-06-18 12:28:16 Builder opened chest id=1448
2026-06-18 12:29:23 Noob opened chest id=1449
2026-06-18 12:30:30 Shelly changed skin id=1450
2026-06-18 12:31:37 Alex crafted id=1451
2026-06-18 12:32:44 Shelly lost connection id=1452
2026-06-18 12:33:51 Builder opened chest id=1453
2026-06-18 12:34:58 Noob found coin id=1454
2026-06-18 12:35:05 Steve lost connection id=1455
2026-06-18 12:36:12 Alex opened chest id=1456
2026-06-18 12:37:19 Sprunki opened chest id=1457
2026-06-18 12:38:26 Alex lost connection id=1458
2026-06-18 12:39:33 Steve changed skin id=1459
2026-06-18 12:40:40 Builder lost connection id=1460
2026-06-18 12:41:47 Steve crafted id=1461
2026-06-18 12:42:54 Shelly found coin id=1462
2026-06-18 12:43:01 Builder changed skin id=1463
2026-06-18 12:44:08 Builder joined id=1464
2026-06-18 12:45:15 Wednesday opened chest id=1465
2026-06-18 12:46:22 Miles opened chest id=1466
2026-06-18 12:47:29 Builder changed skin id=1467
2026-06-18 12:48:36 Builder joined id=1468
2026-06-18 12:49:43 Steve changed skin id=1469
2026-06-18 12:50:50 Wednesday changed skin id=1470
2026-06-18 12:51:57 Miles opened chest id=1471
2026-06-18 12:52:04 Steve found coin id=1472
2026-06-18 12:53:11 Noob joined id=1473
2026-06-18 12:54:18 Wednesday joined id=1474
2026-06-18 12:55:25 Builder joined id=1475
2026-06-18 12:56:32 Miles lost connection id=1476
2026-06-18 12:57:39 Sprunki found coin id=1477
2026-06-18 12:58:46 Sprunki lost connection id=1478
2026-06-18 12:59:53 Builder lost connection id=1479
2026-06-18 12:00:00 Wednesday lost connection id=1480
2026-06-18 12:01:07 Miles lost connection id=1481
2026-06-18 12:02:14 Wednesday found coin id=1482
2026-06-18 12:03:21 Miles joined id=1483
2026-06-18 12:04:28 Sprunki lost connection id=1484
2026-06-18 12:05:35 Shelly found coin id=1485
2026-06-18 12:06:42 Sprunki joined id=1486
2026-06-18 12:07:49 Sprunki changed skin id=1487
2026-06-18 12:08:56 Sprunki found coin id=1488
2026-06-18 12:09:03 Builder crafted id=1489
2026-06-18 12:10:10 Builder found coin id=1490
2026-06-18 12:11:17 Builder opened chest id=1491
2026-06-18 12:12:24 Shelly found coin id=1492
2026-06-18 12:13:31 Noob lost connection id=1493
2026-06-18 12:14:38 Shelly crafted id=1494
2026-06-18 12:15:45 Wednesday found coin id=1495
2026-06-18 12:16:52 Noob crafted id=1496
2026-06-18 12:17:59 Noob joined id=1497
2026-06-18 12:18:06 Shelly changed skin id=1498
2026-06-18 12:19:13 Builder changed skin id=1499
2026-06-18 12:20:20 Noob lost connection id=1500
